build/app/intermediates/manifest_merge_blame_file/debug/manifest-merger-blame-debug-report.txt
1<?xml version="1.0" encoding="utf-8"?>
2<manifest xmlns:android="http://schemas.android.com/apk/res/android"
3    package="com.hollysoft.ar_live_ais"
4    android:versionCode="1"
5    android:versionName="1.0.0" >
6
7    <uses-sdk
8        android:minSdkVersion="21"
9        android:targetSdkVersion="30" />
10    <!--
11         Flutter needs it to communicate with the running application
12         to allow setting breakpoints, to provide hot reload, etc.
13    -->
14    <uses-permission android:name="android.permission.INTERNET" />
14-->src\main\AndroidManifest.xml:5:5-66
14-->src\main\AndroidManifest.xml:5:22-64
15    <uses-permission android:name="android.permission.READ_EXTERNAL_STORAGE" />
15-->src\main\AndroidManifest.xml:3:5-79
15-->src\main\AndroidManifest.xml:3:22-77
16    <uses-permission android:name="android.permission.ACCESS_MEDIA_LOCATION" />
16-->src\main\AndroidManifest.xml:4:5-79
16-->src\main\AndroidManifest.xml:4:22-77
17    <uses-permission android:name="com.google.android.finsky.permission.BIND_GET_INSTALL_REFERRER_SERVICE" />
17-->[com.android.installreferrer:installreferrer:1.0] AndroidManifest.xml:9:5-110
17-->[com.android.installreferrer:installreferrer:1.0] AndroidManifest.xml:9:22-107
18
19    <application
19-->src\main\AndroidManifest.xml:8:5-66:19
20        android:appComponentFactory="androidx.core.app.CoreComponentFactory"
20-->[androidx.core:core:1.3.2] AndroidManifest.xml:24:18-86
21        android:debuggable="true"
22        android:icon="@mipmap/ic_launcher"
22-->src\main\AndroidManifest.xml:11:9-43
23        android:label="AR LIVE_AIS"
23-->src\main\AndroidManifest.xml:10:9-36
24        android:requestLegacyExternalStorage="true"
24-->src\main\AndroidManifest.xml:9:9-52
25        android:supportsRtl="true" >
25-->[com.facebook.android:facebook-login:11.2.0] AndroidManifest.xml:28:18-44
26        <activity
26-->src\main\AndroidManifest.xml:12:9-40:20
27            android:name="com.hollysoft.ar_live_ais.MainActivity"
27-->src\main\AndroidManifest.xml:13:13-41
28            android:configChanges="orientation|keyboardHidden|keyboard|screenSize|smallestScreenSize|locale|layoutDirection|fontScale|screenLayout|density|uiMode"
28-->src\main\AndroidManifest.xml:16:13-163
29            android:hardwareAccelerated="true"
29-->src\main\AndroidManifest.xml:17:13-47
30            android:launchMode="singleTop"
30-->src\main\AndroidManifest.xml:14:13-43
31            android:theme="@style/LaunchTheme"
31-->src\main\AndroidManifest.xml:15:13-47
32            android:windowSoftInputMode="adjustResize" >
32-->src\main\AndroidManifest.xml:18:13-55
33
34            <!--
35                 Specifies an Android theme to apply to this Activity as soon as
36                 the Android process has started. This theme is visible to the user
37                 while the Flutter UI initializes. After that, this theme continues
38                 to determine the Window background behind the Flutter UI.
39            -->
40            <meta-data
40-->src\main\AndroidManifest.xml:23:13-26:17
41                android:name="io.flutter.embedding.android.NormalTheme"
41-->src\main\AndroidManifest.xml:24:15-70
42                android:resource="@style/NormalTheme" />
42-->src\main\AndroidManifest.xml:25:15-52
43            <!--
44                 Displays an Android View that continues showing the launch screen
45                 Drawable until Flutter paints its first frame, then this splash
46                 screen fades out. A splash screen is useful to avoid any visual
47                 gap between the end of Android's launch screen and the painting of
48                 Flutter's first frame.
49            -->
50            <meta-data
50-->src\main\AndroidManifest.xml:32:13-35:17
51                android:name="io.flutter.embedding.android.SplashScreenDrawable"
51-->src\main\AndroidManifest.xml:33:15-79
52                android:resource="@drawable/launch_background" />
52-->src\main\AndroidManifest.xml:34:15-61
53
54            <intent-filter>
54-->src\main\AndroidManifest.xml:36:13-39:29
55                <action android:name="android.intent.action.MAIN" />
55-->src\main\AndroidManifest.xml:37:17-68
55-->src\main\AndroidManifest.xml:37:25-66
56
57                <category android:name="android.intent.category.LAUNCHER" />
57-->src\main\AndroidManifest.xml:38:17-76
57-->src\main\AndroidManifest.xml:38:27-74
58            </intent-filter>
59        </activity>
60
61        <meta-data
61-->src\main\AndroidManifest.xml:42:9-43:46
62            android:name="com.facebook.sdk.ApplicationId"
62-->src\main\AndroidManifest.xml:42:20-65
63            android:value="533056607990524" />
63-->src\main\AndroidManifest.xml:43:13-44
64
65        <activity
65-->src\main\AndroidManifest.xml:45:9-48:57
66            android:name="com.facebook.FacebookActivity"
66-->src\main\AndroidManifest.xml:45:19-63
67            android:configChanges="keyboard|keyboardHidden|screenLayout|screenSize|orientation"
67-->src\main\AndroidManifest.xml:46:13-113
68            android:label="com.hollysoft.ar_live_ais"
68-->src\main\AndroidManifest.xml:48:13-54
69            android:theme="@style/com_facebook_activity_theme" />
69-->[com.facebook.android:facebook-common:11.2.0] AndroidManifest.xml:33:13-63
70        <activity
70-->src\main\AndroidManifest.xml:50:9-59:20
71            android:name="com.facebook.CustomTabActivity"
71-->src\main\AndroidManifest.xml:51:13-58
72            android:exported="true" >
72-->src\main\AndroidManifest.xml:52:13-36
73            <intent-filter>
73-->src\main\AndroidManifest.xml:53:13-58:29
74                <action android:name="android.intent.action.VIEW" />
74-->src\main\AndroidManifest.xml:54:17-69
74-->src\main\AndroidManifest.xml:54:25-66
75
76                <category android:name="android.intent.category.DEFAULT" />
76-->src\main\AndroidManifest.xml:55:17-76
76-->src\main\AndroidManifest.xml:55:27-73
77                <category android:name="android.intent.category.BROWSABLE" />
77-->src\main\AndroidManifest.xml:56:17-78
77-->src\main\AndroidManifest.xml:56:27-75
78
79                <data android:scheme="fb533056607990524" />
79-->src\main\AndroidManifest.xml:57:17-60
79-->src\main\AndroidManifest.xml:57:23-57
80            </intent-filter>
81            <intent-filter>
81-->[com.facebook.android:facebook-common:11.2.0] AndroidManifest.xml:39:13-48:29
82                <action android:name="android.intent.action.VIEW" />
82-->src\main\AndroidManifest.xml:54:17-69
82-->src\main\AndroidManifest.xml:54:25-66
83
84                <category android:name="android.intent.category.DEFAULT" />
84-->src\main\AndroidManifest.xml:55:17-76
84-->src\main\AndroidManifest.xml:55:27-73
85                <category android:name="android.intent.category.BROWSABLE" />
85-->src\main\AndroidManifest.xml:56:17-78
85-->src\main\AndroidManifest.xml:56:27-75
86
87                <data
87-->src\main\AndroidManifest.xml:57:17-60
88                    android:host="cct.com.hollysoft.ar_live_ais"
89                    android:scheme="fbconnect" />
89-->src\main\AndroidManifest.xml:57:23-57
90            </intent-filter>
91        </activity>
92
93        <!--
94             Don't delete the meta-data below.
95             This is used by the Flutter tool to generate GeneratedPluginRegistrant.java
96        -->
97        <meta-data
97-->src\main\AndroidManifest.xml:63:9-65:33
98            android:name="flutterEmbedding"
98-->src\main\AndroidManifest.xml:64:13-44
99            android:value="2" />
99-->src\main\AndroidManifest.xml:65:13-30
100
101        <activity
101-->[:url_launcher] AndroidManifest.xml:8:9-11:74
102            android:name="io.flutter.plugins.urllauncher.WebViewActivity"
102-->[:url_launcher] AndroidManifest.xml:9:13-74
103            android:exported="false"
103-->[:url_launcher] AndroidManifest.xml:10:13-37
104            android:theme="@android:style/Theme.NoTitleBar.Fullscreen" />
104-->[:url_launcher] AndroidManifest.xml:11:13-71
105
106        <provider
106-->[:image_picker] AndroidManifest.xml:8:9-16:20
107            android:name="io.flutter.plugins.imagepicker.ImagePickerFileProvider"
107-->[:image_picker] AndroidManifest.xml:9:13-82
108            android:authorities="com.hollysoft.ar_live_ais.flutter.image_provider"
108-->[:image_picker] AndroidManifest.xml:10:13-74
109            android:exported="false"
109-->[:image_picker] AndroidManifest.xml:11:13-37
110            android:grantUriPermissions="true" >
110-->[:image_picker] AndroidManifest.xml:12:13-47
111            <meta-data
111-->[:image_picker] AndroidManifest.xml:13:13-15:75
112                android:name="android.support.FILE_PROVIDER_PATHS"
112-->[:image_picker] AndroidManifest.xml:14:17-67
113                android:resource="@xml/flutter_image_picker_file_paths" />
113-->[:image_picker] AndroidManifest.xml:15:17-72
114        </provider>
115        <provider
115-->[com.sangcomz:FishBun:0.11.2] AndroidManifest.xml:12:9-20:20
116            android:name="com.sangcomz.fishbun.FishBunFileProvider"
116-->[com.sangcomz:FishBun:0.11.2] AndroidManifest.xml:13:13-68
117            android:authorities="com.hollysoft.ar_live_ais.fishbunfileprovider"
117-->[com.sangcomz:FishBun:0.11.2] AndroidManifest.xml:14:13-71
118            android:exported="false"
118-->[com.sangcomz:FishBun:0.11.2] AndroidManifest.xml:15:13-37
119            android:grantUriPermissions="true" >
119-->[com.sangcomz:FishBun:0.11.2] AndroidManifest.xml:16:13-47
120            <meta-data
120-->[:image_picker] AndroidManifest.xml:13:13-15:75
121                android:name="android.support.FILE_PROVIDER_PATHS"
121-->[:image_picker] AndroidManifest.xml:14:17-67
122                android:resource="@xml/provider_paths" />
122-->[:image_picker] AndroidManifest.xml:15:17-72
123        </provider>
124
125        <activity
125-->[com.sangcomz:FishBun:0.11.2] AndroidManifest.xml:22:9-25:51
126            android:name="com.sangcomz.fishbun.ui.album.AlbumActivity"
126-->[com.sangcomz:FishBun:0.11.2] AndroidManifest.xml:23:13-71
127            android:label="@string/album"
127-->[com.sangcomz:FishBun:0.11.2] AndroidManifest.xml:24:13-42
128            android:theme="@style/FishBunTheme" />
128-->[com.sangcomz:FishBun:0.11.2] AndroidManifest.xml:25:13-48
129        <activity
129-->[com.sangcomz:FishBun:0.11.2] AndroidManifest.xml:26:9-28:51
130            android:name="com.sangcomz.fishbun.ui.picker.PickerActivity"
130-->[com.sangcomz:FishBun:0.11.2] AndroidManifest.xml:27:13-73
131            android:theme="@style/FishBunTheme" />
131-->[com.sangcomz:FishBun:0.11.2] AndroidManifest.xml:28:13-48
132        <activity
132-->[com.sangcomz:FishBun:0.11.2] AndroidManifest.xml:29:9-31:54
133            android:name="com.sangcomz.fishbun.ui.detail.DetailActivity"
133-->[com.sangcomz:FishBun:0.11.2] AndroidManifest.xml:30:13-73
134            android:theme="@style/DetailViewTheme" />
134-->[com.sangcomz:FishBun:0.11.2] AndroidManifest.xml:31:13-51
135        <activity android:name="com.facebook.CustomTabMainActivity" />
135-->[com.facebook.android:facebook-common:11.2.0] AndroidManifest.xml:34:9-71
135-->[com.facebook.android:facebook-common:11.2.0] AndroidManifest.xml:34:19-68
136        <!--
137         The initialization ContentProvider will call FacebookSdk.sdkInitialize automatically
138         with the application context. This config is merged in with the host app's manifest,
139         but there can only be one provider with the same authority activated at any given
140         point; so if the end user has two or more different apps that use Facebook SDK, only the
141         first one will be able to use the provider. To work around this problem, we use the
142         following placeholder in the authority to identify each host application as if it was
143         a completely different provider.
144        -->
145        <provider
145-->[com.facebook.android:facebook-core:11.2.0] AndroidManifest.xml:39:9-42:40
146            android:name="com.facebook.internal.FacebookInitProvider"
146-->[com.facebook.android:facebook-core:11.2.0] AndroidManifest.xml:40:13-70
147            android:authorities="com.hollysoft.ar_live_ais.FacebookInitProvider"
147-->[com.facebook.android:facebook-core:11.2.0] AndroidManifest.xml:41:13-72
148            android:exported="false" />
148-->[com.facebook.android:facebook-core:11.2.0] AndroidManifest.xml:42:13-37
149
150        <receiver
150-->[com.facebook.android:facebook-core:11.2.0] AndroidManifest.xml:44:9-50:20
151            android:name="com.facebook.CurrentAccessTokenExpirationBroadcastReceiver"
151-->[com.facebook.android:facebook-core:11.2.0] AndroidManifest.xml:45:13-86
152            android:exported="false" >
152-->[com.facebook.android:facebook-core:11.2.0] AndroidManifest.xml:46:13-37
153            <intent-filter>
153-->[com.facebook.android:facebook-core:11.2.0] AndroidManifest.xml:47:13-49:29
154                <action android:name="com.facebook.sdk.ACTION_CURRENT_ACCESS_TOKEN_CHANGED" />
154-->[com.facebook.android:facebook-core:11.2.0] AndroidManifest.xml:48:17-95
154-->[com.facebook.android:facebook-core:11.2.0] AndroidManifest.xml:48:25-92
155            </intent-filter>
156        </receiver>
157    </application>
158
159</manifest>